2016-08-26 12:13:28,499 37     [   ModalContext] ERROR types.access.jdt.JdtTypeMirror  - Error initializing type java:/Objects/br.edu.ifpb.sicAgro.serivices.Test
java.lang.NullPointerException
	at org.eclipse.jdt.core.dom.MethodBinding.filterTypeAnnotations(MethodBinding.java:205)
	at org.eclipse.jdt.core.dom.MethodBinding.getAnnotations(MethodBinding.java:104)
	at org.eclipse.xtext.common.types.access.jdt.JdtBasedTypeFactory.createAnnotationValues(JdtBasedTypeFactory.java:581)
	at org.eclipse.xtext.common.types.access.jdt.JdtBasedTypeFactory.createOperation(JdtBasedTypeFactory.java:1550)
	at org.eclipse.xtext.common.types.access.jdt.JdtBasedTypeFactory.createMethods(JdtBasedTypeFactory.java:1044)
	at org.eclipse.xtext.common.types.access.jdt.JdtBasedTypeFactory.createType(JdtBasedTypeFactory.java:515)
	at org.eclipse.xtext.common.types.access.jdt.JdtBasedTypeFactory.createType(JdtBasedTypeFactory.java:456)
	at org.eclipse.xtext.common.types.access.jdt.JdtBasedTypeFactory.createType(JdtBasedTypeFactory.java:334)
	at org.eclipse.xtext.common.types.access.jdt.JdtBasedTypeFactory.createType(JdtBasedTypeFactory.java:427)
	at org.eclipse.xtext.common.types.access.jdt.JdtBasedTypeFactory.createType(JdtBasedTypeFactory.java:1)
	at org.eclipse.xtext.common.types.access.jdt.JdtTypeMirror.initialize(JdtTypeMirror.java:67)
	at org.eclipse.xtext.common.types.access.TypeResource.doLoad(TypeResource.java:130)
	at org.eclipse.emf.ecore.resource.impl.ResourceImpl.load(ResourceImpl.java:1518)
	at org.eclipse.xtext.common.types.access.TypeResource.load(TypeResource.java:116)
	at org.eclipse.emf.ecore.resource.impl.ResourceSetImpl.demandLoad(ResourceSetImpl.java:259)
	at org.eclipse.emf.ecore.resource.impl.ResourceSetImpl.demandLoadHelper(ResourceSetImpl.java:274)
	at org.eclipse.xtext.resource.XtextResourceSet.getResource(XtextResourceSet.java:265)
	at org.eclipse.emf.ecore.resource.impl.ResourceSetImpl.getEObject(ResourceSetImpl.java:220)
	at org.eclipse.xtext.common.types.ui.refactoring.participant.JvmElementFinder.getCorrespondingJvmElement(JvmElementFinder.java:52)
	at org.eclipse.xtext.common.types.ui.refactoring.participant.JdtRenameParticipant.createRenameElementContexts(JdtRenameParticipant.java:76)
	at org.eclipse.xtext.ui.refactoring.impl.AbstractProcessorBasedRenameParticipant.getRenameProcessors(AbstractProcessorBasedRenameParticipant.java:99)
	at org.eclipse.xtext.ui.refactoring.impl.AbstractProcessorBasedRenameParticipant.initialize(AbstractProcessorBasedRenameParticipant.java:85)
	at org.eclipse.ltk.core.refactoring.participants.RefactoringParticipant.initialize(RefactoringParticipant.java:105)
	at org.eclipse.ltk.core.refactoring.participants.ParticipantExtensionPoint.getParticipants(ParticipantExtensionPoint.java:100)
	at org.eclipse.ltk.core.refactoring.participants.ParticipantManager.loadRenameParticipants(ParticipantManager.java:74)
	at org.eclipse.jdt.internal.corext.refactoring.rename.RenameModifications.loadParticipants(RenameModifications.java:193)
	at org.eclipse.jdt.internal.corext.refactoring.rename.JavaRenameProcessor.loadParticipants(JavaRenameProcessor.java:41)
	at org.eclipse.ltk.core.refactoring.participants.ProcessorBasedRefactoring.checkFinalConditions(ProcessorBasedRefactoring.java:233)
	at org.eclipse.ltk.core.refactoring.Refactoring.checkAllConditions(Refactoring.java:162)
	at org.eclipse.jdt.internal.ui.refactoring.RefactoringExecutionHelper$Operation.run(RefactoringExecutionHelper.java:80)
	at org.eclipse.jdt.internal.core.BatchOperation.executeOperation(BatchOperation.java:39)
	at org.eclipse.jdt.internal.core.JavaModelOperation.run(JavaModelOperation.java:729)
	at org.eclipse.core.internal.resources.Workspace.run(Workspace.java:2313)
	at org.eclipse.jdt.core.JavaCore.run(JavaCore.java:5358)
	at org.eclipse.jdt.internal.ui.actions.WorkbenchRunnableAdapter.run(WorkbenchRunnableAdapter.java:106)
	at org.eclipse.jface.operation.ModalContext$ModalContextThread.run(ModalContext.java:122)
2016-08-26 12:13:28,587 125    [   ModalContext] ERROR rocessorBasedRenameParticipant  - Error initializing refactoring participant.
org.eclipse.emf.ecore.resource.impl.ResourceSetImpl$1DiagnosticWrappedException: org.eclipse.xtext.common.types.access.TypeResource$CannotLoadTypeResourceException
	at org.eclipse.emf.ecore.resource.impl.ResourceSetImpl.handleDemandLoadException(ResourceSetImpl.java:319)
	at org.eclipse.emf.ecore.resource.impl.ResourceSetImpl.demandLoadHelper(ResourceSetImpl.java:278)
	at org.eclipse.xtext.resource.XtextResourceSet.getResource(XtextResourceSet.java:265)
	at org.eclipse.emf.ecore.resource.impl.ResourceSetImpl.getEObject(ResourceSetImpl.java:220)
	at org.eclipse.xtext.common.types.ui.refactoring.participant.JvmElementFinder.getCorrespondingJvmElement(JvmElementFinder.java:52)
	at org.eclipse.xtext.common.types.ui.refactoring.participant.JdtRenameParticipant.createRenameElementContexts(JdtRenameParticipant.java:76)
	at org.eclipse.xtext.ui.refactoring.impl.AbstractProcessorBasedRenameParticipant.getRenameProcessors(AbstractProcessorBasedRenameParticipant.java:99)
	at org.eclipse.xtext.ui.refactoring.impl.AbstractProcessorBasedRenameParticipant.initialize(AbstractProcessorBasedRenameParticipant.java:85)
	at org.eclipse.ltk.core.refactoring.participants.RefactoringParticipant.initialize(RefactoringParticipant.java:105)
	at org.eclipse.ltk.core.refactoring.participants.ParticipantExtensionPoint.getParticipants(ParticipantExtensionPoint.java:100)
	at org.eclipse.ltk.core.refactoring.participants.ParticipantManager.loadRenameParticipants(ParticipantManager.java:74)
	at org.eclipse.jdt.internal.corext.refactoring.rename.RenameModifications.loadParticipants(RenameModifications.java:193)
	at org.eclipse.jdt.internal.corext.refactoring.rename.JavaRenameProcessor.loadParticipants(JavaRenameProcessor.java:41)
	at org.eclipse.ltk.core.refactoring.participants.ProcessorBasedRefactoring.checkFinalConditions(ProcessorBasedRefactoring.java:233)
	at org.eclipse.ltk.core.refactoring.Refactoring.checkAllConditions(Refactoring.java:162)
	at org.eclipse.jdt.internal.ui.refactoring.RefactoringExecutionHelper$Operation.run(RefactoringExecutionHelper.java:80)
	at org.eclipse.jdt.internal.core.BatchOperation.executeOperation(BatchOperation.java:39)
	at org.eclipse.jdt.internal.core.JavaModelOperation.run(JavaModelOperation.java:729)
	at org.eclipse.core.internal.resources.Workspace.run(Workspace.java:2313)
	at org.eclipse.jdt.core.JavaCore.run(JavaCore.java:5358)
	at org.eclipse.jdt.internal.ui.actions.WorkbenchRunnableAdapter.run(WorkbenchRunnableAdapter.java:106)
	at org.eclipse.jface.operation.ModalContext$ModalContextThread.run(ModalContext.java:122)
Caused by: org.eclipse.xtext.common.types.access.TypeResource$CannotLoadTypeResourceException
	at org.eclipse.xtext.common.types.access.TypeResource.doLoad(TypeResource.java:143)
	at org.eclipse.emf.ecore.resource.impl.ResourceImpl.load(ResourceImpl.java:1518)
	at org.eclipse.xtext.common.types.access.TypeResource.load(TypeResource.java:116)
	at org.eclipse.emf.ecore.resource.impl.ResourceSetImpl.demandLoad(ResourceSetImpl.java:259)
	at org.eclipse.emf.ecore.resource.impl.ResourceSetImpl.demandLoadHelper(ResourceSetImpl.java:274)
	... 20 more
Caused by: java.lang.NullPointerException
	at org.eclipse.jdt.core.dom.MethodBinding.filterTypeAnnotations(MethodBinding.java:205)
	at org.eclipse.jdt.core.dom.MethodBinding.getAnnotations(MethodBinding.java:104)
	at org.eclipse.xtext.common.types.access.jdt.JdtBasedTypeFactory.createAnnotationValues(JdtBasedTypeFactory.java:581)
	at org.eclipse.xtext.common.types.access.jdt.JdtBasedTypeFactory.createOperation(JdtBasedTypeFactory.java:1550)
	at org.eclipse.xtext.common.types.access.jdt.JdtBasedTypeFactory.createMethods(JdtBasedTypeFactory.java:1044)
	at org.eclipse.xtext.common.types.access.jdt.JdtBasedTypeFactory.createType(JdtBasedTypeFactory.java:515)
	at org.eclipse.xtext.common.types.access.jdt.JdtBasedTypeFactory.createType(JdtBasedTypeFactory.java:456)
	at org.eclipse.xtext.common.types.access.jdt.JdtBasedTypeFactory.createType(JdtBasedTypeFactory.java:334)
	at org.eclipse.xtext.common.types.access.jdt.JdtBasedTypeFactory.createType(JdtBasedTypeFactory.java:427)
	at org.eclipse.xtext.common.types.access.jdt.JdtBasedTypeFactory.createType(JdtBasedTypeFactory.java:1)
	at org.eclipse.xtext.common.types.access.jdt.JdtTypeMirror.initialize(JdtTypeMirror.java:67)
	at org.eclipse.xtext.common.types.access.TypeResource.doLoad(TypeResource.java:130)
	... 24 more
